<?xml version="1.0" encoding="UTF-8"?>
<!-- Generated by org.testng.reporters.JUnitReportReporter -->
<testsuite hostname="XAV-101000615" name="com.xavient.framework.WebApplicationSuite.menu_management_search" tests="1" failures="0" timestamp="5 Sep 2016 12:18:57 GMT" time="169.032" errors="0">
  <testcase name="menu_management_search" time="169.032" classname="com.xavient.framework.WebApplicationSuite.menu_management_search"/>
</testsuite> <!-- com.xavient.framework.WebApplicationSuite.menu_management_search -->
