<?xml version="1.0" encoding="UTF-8"?>
<!-- Generated by org.testng.reporters.JUnitReportReporter -->
<testsuite hostname="XAV-101000615" name="com.xavient.framework.WebApplicationSuite.charter_spectrum_login" tests="1" failures="0" timestamp="8 Sep 2016 10:28:19 GMT" time="54.726" errors="0">
  <testcase name="charter_spectrum_login" time="54.726" classname="com.xavient.framework.WebApplicationSuite.charter_spectrum_login"/>
</testsuite> <!-- com.xavient.framework.WebApplicationSuite.charter_spectrum_login -->
